0 info it worked if it ends with ok
1 verbose cli [ 'node', '/home/rhalff/.node/bin/npm', 'i' ]
2 info using npm@2.1.12
3 info using node@v0.10.26
4 verbose install where, deps [ '/home/rhalff/git/nodule/rethinkdb', [ 'rethinkdb', 'chit' ] ]
5 verbose install where, peers [ '/home/rhalff/git/nodule/rethinkdb', [] ]
6 info preinstall chix-rethinkdb@0.0.3
7 silly cache add args [ 'chit@0.x.x', null ]
8 verbose cache add spec chit@0.x.x
9 silly cache add parsed spec { raw: 'chit@0.x.x',
9 silly cache add   scope: null,
9 silly cache add   name: 'chit',
9 silly cache add   rawSpec: '0.x.x',
9 silly cache add   spec: '>=0.0.0 <1.0.0',
9 silly cache add   type: 'range' }
10 verbose addNamed chit@>=0.0.0 <1.0.0
11 silly addNamed semver.valid null
12 silly addNamed semver.validRange >=0.0.0 <1.0.0
13 silly addNameRange { name: 'chit', range: '>=0.0.0 <1.0.0', hasData: false }
14 silly mapToRegistry name chit
15 silly mapToRegistry using default registry
16 silly mapToRegistry registry https://registry.npmjs.org/
17 silly mapToRegistry uri https://registry.npmjs.org/chit
18 verbose addNameRange registry:https://registry.npmjs.org/chit not in flight; fetching
19 silly cache add args [ 'rethinkdb@1.x.x', null ]
20 verbose cache add spec rethinkdb@1.x.x
21 silly cache add parsed spec { raw: 'rethinkdb@1.x.x',
21 silly cache add   scope: null,
21 silly cache add   name: 'rethinkdb',
21 silly cache add   rawSpec: '1.x.x',
21 silly cache add   spec: '>=1.0.0 <2.0.0',
21 silly cache add   type: 'range' }
22 verbose addNamed rethinkdb@>=1.0.0 <2.0.0
23 silly addNamed semver.valid null
24 silly addNamed semver.validRange >=1.0.0 <2.0.0
25 silly addNameRange { name: 'rethinkdb', range: '>=1.0.0 <2.0.0', hasData: false }
26 silly mapToRegistry name rethinkdb
27 silly mapToRegistry using default registry
28 silly mapToRegistry registry https://registry.npmjs.org/
29 silly mapToRegistry uri https://registry.npmjs.org/rethinkdb
30 verbose addNameRange registry:https://registry.npmjs.org/rethinkdb not in flight; fetching
31 verbose request uri https://registry.npmjs.org/rethinkdb
32 verbose request no auth needed
33 info attempt registry request try #1 at 04:00:09
34 verbose request id 5be6fb21376a3c78
35 http request GET https://registry.npmjs.org/rethinkdb
36 verbose request uri https://registry.npmjs.org/chit
37 verbose request no auth needed
38 info attempt registry request try #1 at 04:00:09
39 verbose etag "216E8U0MRQ5UF5O7H0QSXSHXC"
40 http request GET https://registry.npmjs.org/chit
41 http 304 https://registry.npmjs.org/chit
42 silly get cb [ 304,
42 silly get   { date: 'Mon, 22 Dec 2014 03:00:08 GMT',
42 silly get     server: 'Apache',
42 silly get     via: '1.1 varnish',
42 silly get     'last-modified': 'Mon, 22 Dec 2014 03:00:08 GMT',
42 silly get     'cache-control': 'max-age=60',
42 silly get     etag: '"216E8U0MRQ5UF5O7H0QSXSHXC"',
42 silly get     age: '10',
42 silly get     'x-served-by': 'cache-ams4131-AMS',
42 silly get     'x-cache': 'HIT',
42 silly get     'x-cache-hits': '1',
42 silly get     'x-timer': 'S1419217208.754437,VS0,VE0',
42 silly get     vary: 'Accept',
42 silly get     'content-length': '0',
42 silly get     'keep-alive': 'timeout=10, max=50',
42 silly get     connection: 'Keep-Alive' } ]
43 verbose etag https://registry.npmjs.org/chit from cache
44 silly addNameRange number 2 { name: 'chit', range: '>=0.0.0 <1.0.0', hasData: true }
45 silly addNameRange versions [ 'chit',
45 silly addNameRange   [ '0.0.3',
45 silly addNameRange     '0.1.0',
45 silly addNameRange     '0.1.1',
45 silly addNameRange     '0.2.0',
45 silly addNameRange     '0.3.0',
45 silly addNameRange     '0.4.0',
45 silly addNameRange     '0.4.1',
45 silly addNameRange     '0.4.2',
45 silly addNameRange     '0.4.3',
45 silly addNameRange     '0.4.4',
45 silly addNameRange     '0.4.5' ] ]
46 verbose addNamed chit@0.4.5
47 silly addNamed semver.valid 0.4.5
48 silly addNamed semver.validRange 0.4.5
49 silly cache afterAdd chit@0.4.5
50 verbose afterAdd /home/rhalff/.npm/chit/0.4.5/package/package.json not in flight; writing
51 verbose afterAdd /home/rhalff/.npm/chit/0.4.5/package/package.json written
52 http 200 https://registry.npmjs.org/rethinkdb
53 silly get cb [ 200,
53 silly get   { date: 'Mon, 22 Dec 2014 03:00:09 GMT',
53 silly get     server: 'CouchDB/1.5.0 (Erlang OTP/R16B03)',
53 silly get     etag: '"E5JX34CBSYR5N2NX5EJKJI5FH"',
53 silly get     'content-type': 'application/json',
53 silly get     'cache-control': 'max-age=60',
53 silly get     'content-length': '32578',
53 silly get     'accept-ranges': 'bytes',
53 silly get     via: '1.1 varnish',
53 silly get     age: '0',
53 silly get     'x-served-by': 'cache-ams4124-AMS',
53 silly get     'x-cache': 'MISS',
53 silly get     'x-cache-hits': '0',
53 silly get     'x-timer': 'S1419217208.755304,VS0,VE831',
53 silly get     vary: 'Accept',
53 silly get     'keep-alive': 'timeout=10, max=50',
53 silly get     connection: 'Keep-Alive' } ]
54 silly addNameRange number 2 { name: 'rethinkdb', range: '>=1.0.0 <2.0.0', hasData: true }
55 silly addNameRange versions [ 'rethinkdb',
55 silly addNameRange   [ '1.2.0-0',
55 silly addNameRange     '1.2.5-0',
55 silly addNameRange     '1.2.6-0',
55 silly addNameRange     '1.2.6-1',
55 silly addNameRange     '1.4.0-0',
55 silly addNameRange     '1.4.0-1',
55 silly addNameRange     '1.4.0-2',
55 silly addNameRange     '1.4.0-3',
55 silly addNameRange     '1.5.0-0',
55 silly addNameRange     '1.6.0-0',
55 silly addNameRange     '1.7.0-1',
55 silly addNameRange     '1.7.0-2',
55 silly addNameRange     '1.8.0-0',
55 silly addNameRange     '1.9.0-0',
55 silly addNameRange     '1.9.0-1',
55 silly addNameRange     '1.10.0-0',
55 silly addNameRange     '1.11.0-0',
55 silly addNameRange     '1.11.0-1',
55 silly addNameRange     '1.11.0-2',
55 silly addNameRange     '1.11.0-3',
55 silly addNameRange     '1.11.0-4',
55 silly addNameRange     '1.12.0-0',
55 silly addNameRange     '1.12.0-1',
55 silly addNameRange     '1.13.0-0',
55 silly addNameRange     '1.13.0-1',
55 silly addNameRange     '1.13.0-2',
55 silly addNameRange     '1.13.0-3',
55 silly addNameRange     '1.14.0-0',
55 silly addNameRange     '1.15.0-0' ] ]
56 verbose stack Error: No compatible version found: rethinkdb@'>=1.0.0 <2.0.0'
56 verbose stack Valid install targets:
56 verbose stack ["1.2.0-0","1.2.5-0","1.2.6-0","1.2.6-1","1.4.0-0","1.4.0-1","1.4.0-2","1.4.0-3","1.5.0-0","1.6.0-0","1.7.0-1","1.7.0-2","1.8.0-0","1.9.0-0","1.9.0-1","1.10.0-0","1.11.0-0","1.11.0-1","1.11.0-2","1.11.0-3","1.11.0-4","1.12.0-0","1.12.0-1","1.13.0-0","1.13.0-1","1.13.0-2","1.13.0-3","1.14.0-0","1.15.0-0"]
56 verbose stack
56 verbose stack     at installTargetsError (/home/rhalff/.node/lib/node_modules/npm/lib/cache/add-named.js:259:12)
56 verbose stack     at next (/home/rhalff/.node/lib/node_modules/npm/lib/cache/add-named.js:238:17)
56 verbose stack     at setData (/home/rhalff/.node/lib/node_modules/npm/lib/cache/add-named.js:215:5)
56 verbose stack     at RES (/home/rhalff/.node/lib/node_modules/npm/node_modules/inflight/inflight.js:23:14)
56 verbose stack     at f (/home/rhalff/.node/lib/node_modules/npm/node_modules/once/once.js:17:25)
56 verbose stack     at saved (/home/rhalff/.node/lib/node_modules/npm/lib/cache/caching-client.js:163:7)
56 verbose stack     at Object.oncomplete (fs.js:107:15)
57 verbose cwd /home/rhalff/git/nodule/rethinkdb
58 error Linux 3.13.0-39-generic
59 error argv "node" "/home/rhalff/.node/bin/npm" "i"
60 error node v0.10.26
61 error npm  v2.1.12
62 error code ETARGET
63 error notarget No compatible version found: rethinkdb@'>=1.0.0 <2.0.0'
63 error notarget Valid install targets:
63 error notarget ["1.2.0-0","1.2.5-0","1.2.6-0","1.2.6-1","1.4.0-0","1.4.0-1","1.4.0-2","1.4.0-3","1.5.0-0","1.6.0-0","1.7.0-1","1.7.0-2","1.8.0-0","1.9.0-0","1.9.0-1","1.10.0-0","1.11.0-0","1.11.0-1","1.11.0-2","1.11.0-3","1.11.0-4","1.12.0-0","1.12.0-1","1.13.0-0","1.13.0-1","1.13.0-2","1.13.0-3","1.14.0-0","1.15.0-0"]
63 error notarget
63 error notarget This is most likely not a problem with npm itself.
63 error notarget In most cases you or one of your dependencies are requesting
63 error notarget a package version that doesn't exist.
64 verbose exit [ 1, true ]
